*** Using Compiler 'V5.06 update 6 (build 750)', folder: 'D:\ProgramFiles\Keil5\ARM\ARMCC\Bin'
Build target '24ElectronicComp'
compiling stm32f4xx_ll_adc.c...
compiling tim.c...
compiling adc.c...
compiling i2c.c...
compiling gpio.c...
compiling main.c...
compiling stm32f4xx_hal_flash_ex.c...
compiling stm32f4xx_it.c...
compiling usart.c...
compiling stm32f4xx_hal_flash_ramfunc.c...
compiling stm32f4xx_hal_adc_ex.c...
compiling stm32f4xx_hal_msp.c...
compiling stm32f4xx_hal_rcc_ex.c...
compiling dac.c...
compiling stm32f4xx_hal_adc.c...
compiling stm32f4xx_hal_flash.c...
compiling stm32f4xx_hal_rcc.c...
compiling stm32f4xx_hal_i2c_ex.c...
compiling stm32f4xx_hal_pwr.c...
compiling stm32f4xx_hal_gpio.c...
compiling stm32f4xx_hal.c...
compiling stm32f4xx_hal_exti.c...
compiling stm32f4xx_hal_pwr_ex.c...
compiling stm32f4xx_hal_dac_ex.c...
compiling stm32f4xx_hal_dac.c...
compiling stm32f4xx_hal_dma.c...
compiling stm32f4xx_hal_i2c.c...
compiling stm32f4xx_hal_dma_ex.c...
compiling stm32f4xx_hal_cortex.c...
compiling stm32f4xx_hal_tim_ex.c...
compiling system_stm32f4xx.c...
compiling stm32f4xx_hal_uart.c...
compiling stm32f4xx_hal_tim.c...
compiling geometry.c...
compiling menu.c...
Code\menu.c(413): warning:  #144-D: a value of type "void *" cannot be used to initialize an entity of type "void (*)()"
          void (*func)() = navigate[cntpage]->itemlist[navigate[cntpage]->pos].chf;
Code\menu.c(421): warning:  #144-D: a value of type "void *" cannot be used to initialize an entity of type "void (*)()"
          void (*func)() = navigate[cntpage]->itemlist[navigate[cntpage]->pos].chf;
Code\menu.c(436): warning:  #144-D: a value of type "void *" cannot be used to initialize an entity of type "void (*)()"
          void (*func)() = navigate[cntpage]->itemlist[navigate[cntpage]->pos].chf;
Code\menu.c(444): warning:  #144-D: a value of type "void *" cannot be used to initialize an entity of type "void (*)()"
          void (*func)() = navigate[cntpage]->itemlist[navigate[cntpage]->pos].chf;
Code\menu.c(462): warning:  #144-D: a value of type "void *" cannot be used to initialize an entity of type "void (*)()"
          void (*func)() = navigate[cntpage]->itemlist[navigate[cntpage]->pos].addr;
Code\menu.c(471): warning:  #144-D: a value of type "void *" cannot be used to initialize an entity of type "void (*)()"
          void (*func)() = navigate[cntpage]->itemlist[navigate[cntpage]->pos].chf;
Code\menu.c(626): warning:  #1-D: last line of file ends without a newline
  }
Code\menu.c: 7 warnings, 0 errors
compiling font.c...
compiling oled.c...
Code\oled.c(12): warning:  #550-D: variable "oled_display_dir"  was set but never used
  static oled_dir_enum        oled_display_dir    = OLED_DEFAULT_DISPLAY_DIR;
Code\oled.c: 1 warning, 0 errors
linking...
Program Size: Code=22604 RO-data=41924 RW-data=52 ZI-data=13492  
FromELF: creating hex file...
"..\..\..\..\24ElectronicComp.axf" - 0 Error(s), 8 Warning(s).
Build Time Elapsed:  00:00:22
